21:14:18.238 [main] DEBUG Horse -- Making a horse: 0.0
21:14:18.244 [main] DEBUG Horse -- Making a horse: 0.0
21:14:18.244 [main] DEBUG Horse -- Making a horse: 0.0
21:14:18.244 [main] DEBUG Horse -- Making a horse: 0.0
21:14:18.244 [main] DEBUG Horse -- Making a horse: 0.0
21:14:18.244 [main] DEBUG Horse -- Making a horse: 0.0
21:14:18.244 [main] DEBUG Horse -- Making a horse: 0.0
21:14:18.247 [main] DEBUG Hippodrome -- Creation of a hippodrome: 7
21:14:18.247 [main] INFO  Main -- Start of the race. Number of participants: 7
21:14:39.230 [main] INFO  Main -- End of the race. Winner: Cherry 
21:15:10.853 [main] DEBUG Horse -- Making a horse: 0.0
21:15:10.866 [main] DEBUG Horse -- Making a horse: 0.0
21:15:10.866 [main] DEBUG Horse -- Making a horse: 0.0
21:15:10.866 [main] DEBUG Horse -- Making a horse: 0.0
21:15:10.866 [main] DEBUG Horse -- Making a horse: 0.0
21:15:10.866 [main] DEBUG Horse -- Making a horse: 0.0
21:15:10.866 [main] DEBUG Horse -- Making a horse: 0.0
21:15:10.866 [main] DEBUG Horse -- Making a horse: 0.0
21:15:10.866 [main] DEBUG Horse -- Making a horse: 0.0
21:15:10.866 [main] DEBUG Horse -- Making a horse: 0.0
21:15:10.866 [main] DEBUG Horse -- Making a horse: 0.0
21:15:10.866 [main] DEBUG Horse -- Making a horse: 0.0
21:15:10.866 [main] DEBUG Horse -- Making a horse: 0.0
21:15:10.866 [main] DEBUG Horse -- Making a horse: 0.0
21:15:10.866 [main] DEBUG Horse -- Making a horse: 0.0
21:15:10.866 [main] DEBUG Horse -- Making a horse: 0.0
21:15:10.866 [main] DEBUG Horse -- Making a horse: 0.0
21:15:10.866 [main] DEBUG Horse -- Making a horse: 0.0
21:15:10.866 [main] DEBUG Horse -- Making a horse: 0.0
21:15:10.866 [main] DEBUG Horse -- Making a horse: 0.0
21:15:10.866 [main] DEBUG Horse -- Making a horse: 0.0
21:15:10.866 [main] DEBUG Horse -- Making a horse: 0.0
21:15:10.867 [main] DEBUG Horse -- Making a horse: 0.0
21:15:10.867 [main] DEBUG Horse -- Making a horse: 0.0
21:15:10.867 [main] DEBUG Horse -- Making a horse: 0.0
21:15:10.867 [main] DEBUG Horse -- Making a horse: 0.0
21:15:10.867 [main] DEBUG Horse -- Making a horse: 0.0
21:15:10.867 [main] DEBUG Horse -- Making a horse: 0.0
21:15:10.867 [main] DEBUG Horse -- Making a horse: 0.0
21:15:10.867 [main] DEBUG Horse -- Making a horse: 0.0
21:15:10.869 [main] DEBUG Hippodrome -- Creation of a hippodrome: 30
21:15:10.891 [main] ERROR Hippodrome -- Horses list is empty
21:15:10.897 [main] DEBUG Horse -- Making a horse: 0.0
21:15:10.897 [main] DEBUG Horse -- Making a horse: 0.0
21:15:10.897 [main] DEBUG Horse -- Making a horse: 0.0
21:15:10.897 [main] DEBUG Hippodrome -- Creation of a hippodrome: 3
21:15:10.904 [main] ERROR Hippodrome -- Horses list is null
21:15:13.160 [main] DEBUG Hippodrome -- Creation of a hippodrome: 50
21:15:13.439 [main] DEBUG Horse -- Making a horse: 0.0
21:15:13.512 [main] ERROR Horse -- Speed is negative
21:15:13.545 [main] DEBUG Horse -- Making a horse: 0.0
21:15:13.605 [main] ERROR Horse -- Distance is negative
21:15:13.613 [main] ERROR Horse -- Name is null
21:15:13.670 [main] DEBUG Horse -- Making a horse: 0.0
21:15:13.675 [main] DEBUG Horse -- Making a horse: 0.0
21:15:13.797 [main] ERROR Horse -- Name is blank
21:15:13.822 [main] ERROR Horse -- Name is blank
21:15:13.849 [main] ERROR Horse -- Name is blank
21:15:13.855 [main] ERROR Horse -- Name is blank
21:15:13.859 [main] ERROR Horse -- Name is blank
21:15:13.863 [main] ERROR Horse -- Name is blank
21:15:13.867 [main] ERROR Horse -- Name is blank
